  Date.cpp
  UserInterface.cpp
D:\Программирование\C++\2 курс\1 семестр\lab1\lab1\UserInterface.cpp(91,7): warning C4101: 'days': unreferenced local variable
D:\Программирование\C++\2 курс\1 семестр\lab1\lab1\VectorQueue.cpp(18,13): warning C4018: '<': signed/unsigned mismatch
D:\Программирование\C++\2 курс\1 семестр\lab1\lab1\VectorQueue.cpp(10): message : while compiling class template member function 'void VectorQueue<int>::push(T,int)'
          with
          [
              T=int
          ]
D:\Программирование\C++\2 курс\1 семестр\lab1\lab1\UserInterface.cpp(122): message : see reference to class template instantiation 'VectorQueue<int>' being compiled
  lab1.cpp
D:\Программирование\C++\2 курс\1 семестр\lab1\lab1\UserInterface.cpp(91,7): warning C4101: 'days': unreferenced local variable
D:\Программирование\C++\2 курс\1 семестр\lab1\lab1\VectorQueue.cpp(18,13): warning C4018: '<': signed/unsigned mismatch
D:\Программирование\C++\2 курс\1 семестр\lab1\lab1\VectorQueue.cpp(10): message : while compiling class template member function 'void VectorQueue<int>::push(T,int)'
          with
          [
              T=int
          ]
D:\Программирование\C++\2 курс\1 семестр\lab1\lab1\UserInterface.cpp(122): message : see reference to class template instantiation 'VectorQueue<int>' being compiled
  Generating Code...
  lab1.vcxproj -> D:\Программирование\C++\2 курс\1 семестр\lab1\Debug\lab1.exe
